# JRE version: OpenJDK Runtime Environment (11.0.10) (build 11.0.10+0-b96-7249189)
# Java VM: OpenJDK 64-Bit Server VM (11.0.10+0-b96-7249189, mixed mode, tiered, compressed oops, g1 gc, windows-amd64)
Heap:
 garbage-first heap   total 480256K, used 301684K [0x0000000080000000, 0x0000000100000000)
  region size 1024K, 107 young (109568K), 9 survivors (9216K)
 Metaspace       used 137281K, capacity 141509K, committed 141568K, reserved 1171456K
  class space    used 17395K, capacity 18941K, committed 18944K, reserved 1048576K
GC Heap History (20 events):
Event: 716.640 GC heap before
{Heap before GC invocations=70 (full 0):
 garbage-first heap   total 201728K, used 161678K [0x0000000080000000, 0x0000000100000000)
  region size 1024K, 47 young (48128K), 5 survivors (5120K)
 Metaspace       used 113781K, capacity 116960K, committed 117504K, reserved 1150976K
  class space    used 14271K, capacity 15385K, committed 15616K, reserved 1048576K
}
Event: 716.689 GC heap after
{Heap after GC invocations=71 (full 0):
 garbage-first heap   total 201728K, used 118219K [0x0000000080000000, 0x0000000100000000)
  region size 1024K, 3 young (3072K), 3 survivors (3072K)
 Metaspace       used 113781K, capacity 116960K, committed 117504K, reserved 1150976K
  class space    used 14271K, capacity 15385K, committed 15616K, reserved 1048576K
}
Event: 716.843 GC heap before
{Heap before GC invocations=71 (full 0):
 garbage-first heap   total 201728K, used 123339K [0x0000000080000000, 0x0000000100000000)
  region size 1024K, 9 young (9216K), 3 survivors (3072K)
 Metaspace       used 113789K, capacity 116962K, committed 117504K, reserved 1150976K
  class space    used 14271K, capacity 15385K, committed 15616K, reserved 1048576K
}
Event: 716.865 GC heap after
{Heap after GC invocations=72 (full 0):
 garbage-first heap   total 201728K, used 114196K [0x0000000080000000, 0x0000000100000000)
  region size 1024K, 1 young (1024K), 1 survivors (1024K)
 Metaspace       used 113789K, capacity 116962K, committed 117504K, reserved 1150976K
  class space    used 14271K, capacity 15385K, committed 15616K, reserved 1048576K
}
Event: 718.149 GC heap before
{Heap before GC invocations=72 (full 0):
 garbage-first heap   total 201728K, used 162324K [0x0000000080000000, 0x0000000100000000)
  region size 1024K, 49 young (50176K), 1 survivors (1024K)
 Metaspace       used 114969K, capacity 118204K, committed 118656K, reserved 1153024K
  class space    used 14411K, capacity 15554K, committed 15744K, reserved 1048576K
}
Event: 718.245 GC heap after
{Heap after GC invocations=73 (full 0):
 garbage-first heap   total 300032K, used 116531K [0x0000000080000000, 0x0000000100000000)
  region size 1024K, 3 young (3072K), 3 survivors (3072K)
 Metaspace       used 114969K, capacity 118204K, committed 118656K, reserved 1153024K
  class space    used 14411K, capacity 15554K, committed 15744K, reserved 1048576K
}
Event: 720.491 GC heap before
{Heap before GC invocations=74 (full 0):
 garbage-first heap   total 300032K, used 236339K [0x0000000080000000, 0x0000000100000000)
  region size 1024K, 104 young (106496K), 3 survivors (3072K)
 Metaspace       used 117316K, capacity 120618K, committed 120704K, reserved 1155072K
  class space    used 14727K, capacity 15927K, committed 16000K, reserved 1048576K
}
Event: 720.631 GC heap after
{Heap after GC invocations=75 (full 0):
 garbage-first heap   total 300032K, used 144326K [0x0000000080000000, 0x0000000100000000)
  region size 1024K, 13 young (13312K), 13 survivors (13312K)
 Metaspace       used 117316K, capacity 120618K, committed 120704K, reserved 1155072K
  class space    used 14727K, capacity 15927K, committed 16000K, reserved 1048576K
}
Event: 722.412 GC heap before
{Heap before GC invocations=75 (full 0):
 garbage-first heap   total 300032K, used 228294K [0x0000000080000000, 0x0000000100000000)
  region size 1024K, 96 young (98304K), 13 survivors (13312K)
 Metaspace       used 121888K, capacity 125495K, committed 125696K, reserved 1159168K
  class space    used 15543K, capacity 16845K, committed 16896K, reserved 1048576K
}
Event: 722.483 GC heap after
{Heap after GC invocations=76 (full 0):
 garbage-first heap   total 300032K, used 165490K [0x0000000080000000, 0x0000000100000000)
  region size 1024K, 12 young (12288K), 12 survivors (12288K)
 Metaspace       used 121888K, capacity 125495K, committed 125696K, reserved 1159168K
  class space    used 15543K, capacity 16845K, committed 16896K, reserved 1048576K
}
Event: 723.071 GC heap before
{Heap before GC invocations=76 (full 0):
 garbage-first heap   total 300032K, used 189042K [0x0000000080000000, 0x0000000100000000)
  region size 1024K, 35 young (35840K), 12 survivors (12288K)
 Metaspace       used 122443K, capacity 126098K, committed 126336K, reserved 1159168K
  class space    used 15609K, capacity 16952K, committed 17024K, reserved 1048576K
}
Event: 723.130 GC heap after
{Heap after GC invocations=77 (full 0):
 garbage-first heap   total 300032K, used 170413K [0x0000000080000000, 0x0000000100000000)
  region size 1024K, 4 young (4096K), 4 survivors (4096K)
 Metaspace       used 122443K, capacity 126098K, committed 126336K, reserved 1159168K
  class space    used 15609K, capacity 16952K, committed 17024K, reserved 1048576K
}
Event: 726.033 GC heap before
{Heap before GC invocations=77 (full 0):
 garbage-first heap   total 300032K, used 223661K [0x0000000080000000, 0x0000000100000000)
  region size 1024K, 53 young (54272K), 4 survivors (4096K)
 Metaspace       used 122839K, capacity 126510K, committed 126592K, reserved 1159168K
  class space    used 15648K, capacity 16978K, committed 17024K, reserved 1048576K
}
Event: 726.162 GC heap after
{Heap after GC invocations=78 (full 0):
 garbage-first heap   total 480256K, used 177792K [0x0000000080000000, 0x0000000100000000)
  region size 1024K, 7 young (7168K), 7 survivors (7168K)
 Metaspace       used 122839K, capacity 126510K, committed 126592K, reserved 1159168K
  class space    used 15648K, capacity 16978K, committed 17024K, reserved 1048576K
}
Event: 727.856 GC heap before
{Heap before GC invocations=78 (full 0):
 garbage-first heap   total 480256K, used 250496K [0x0000000080000000, 0x0000000100000000)
  region size 1024K, 70 young (71680K), 7 survivors (7168K)
 Metaspace       used 123552K, capacity 127287K, committed 127488K, reserved 1159168K
  class space    used 15723K, capacity 17064K, committed 17152K, reserved 1048576K
}
Event: 727.905 GC heap after
{Heap after GC invocations=79 (full 0):
 garbage-first heap   total 480256K, used 196864K [0x0000000080000000, 0x0000000100000000)
  region size 1024K, 9 young (9216K), 9 survivors (9216K)
 Metaspace       used 123552K, capacity 127287K, committed 127488K, reserved 1159168K
  class space    used 15723K, capacity 17064K, committed 17152K, reserved 1048576K
}
Event: 729.680 GC heap before
{Heap before GC invocations=79 (full 0):
 garbage-first heap   total 480256K, used 277760K [0x0000000080000000, 0x0000000100000000)
  region size 1024K, 89 young (91136K), 9 survivors (9216K)
 Metaspace       used 124390K, capacity 128125K, committed 128256K, reserved 1161216K
  class space    used 15806K, capacity 17140K, committed 17152K, reserved 1048576K
}
Event: 729.713 GC heap after
{Heap after GC invocations=80 (full 0):
 garbage-first heap   total 480256K, used 192355K [0x0000000080000000, 0x0000000100000000)
  region size 1024K, 4 young (4096K), 4 survivors (4096K)
 Metaspace       used 124390K, capacity 128125K, committed 128256K, reserved 1161216K
  class space    used 15806K, capacity 17140K, committed 17152K, reserved 1048576K
}
Event: 735.499 GC heap before
{Heap before GC invocations=80 (full 0):
 garbage-first heap   total 480256K, used 294755K [0x0000000080000000, 0x0000000100000000)
  region size 1024K, 101 young (103424K), 4 survivors (4096K)
 Metaspace       used 133631K, capacity 137632K, committed 137728K, reserved 1169408K
  class space    used 16966K, capacity 18423K, committed 18432K, reserved 1048576K
}
Event: 735.537 GC heap after
{Heap after GC invocations=81 (full 0):
 garbage-first heap   total 480256K, used 200308K [0x0000000080000000, 0x0000000100000000)
  region size 1024K, 9 young (9216K), 9 survivors (9216K)
 Metaspace       used 133631K, capacity 137632K, committed 137728K, reserved 1169408K
  class space    used 16966K, capacity 18423K, committed 18432K, reserved 1048576K
}

